<?xml version="1.0" encoding="UTF-8"?>
<!-- Generated by org.testng.reporters.JUnitXMLReporter -->
<testsuite ignored="2" hostname="DESKTOP-FHEOHAQ" failures="1" tests="2" name="Test" time="40.448" errors="0" timestamp="2023-05-30T10:00:08 IST">
  <testcase classname="sms.Subjectrouting.TestNG.Edit_StudentTestNg" name="addStudentDetails" time="17.595"/>
  <testcase classname="sms.Subjectrouting.TestNG.Add_SubjectroutingTestNg" name="addteacher" time="0.974">
    <failure type="java.lang.AssertionError" message="null">
      <![CDATA[java.lang.AssertionError: null
at sms.Subjectrouting.TestNG.Add_SubjectroutingTestNg.addteacher(Add_SubjectroutingTestNg.java:46)
at java.base/java.util.ArrayList.forEach(ArrayList.java:1511)
... Removed 29 stack frames]]>
    </failure>
  </testcase> <!-- addteacher -->
  <testcase classname="smsGenericUtils.BaseClass" name="@BeforeSuite config_BS" time="0.0">
    <ignored/>
  </testcase> <!-- @BeforeSuite config_BS -->
  <testcase classname="smsGenericUtils.BaseClass" name="@AfterSuite config_AS" time="0.0">
    <ignored/>
  </testcase> <!-- @AfterSuite config_AS -->
</testsuite> <!-- Test -->
